Sat 10 Nov 2018 09:57:55 AM CET
mru_evictable_metadata 19439104
l2_io_error 0
mfu_evictable_data 101173760
demand_data_misses 6237
l2_evict_l1cached 0
anon_evictable_metadata 0
misses 25081
duplicate_buffers_size 0
arc_loaned_bytes 0
mru_size 156490240
anon_size 16384
arc_meta_max 54655456
mutex_miss 0
evict_l2_skip 0
arc_sys_free 32837632
mfu_ghost_evictable_data 0
mru_hits 37701
l2_cksum_bad 0
hash_elements 6224
evict_not_enough 0
hash_chains 52
prefetch_data_misses 696
arc_meta_limit 788138496
l2_writes_done 0
mfu_evictable_metadata 1470976
demand_metadata_misses 16435
hits 91180
mru_evictable_data 117959680
mru_ghost_hits 0
evict_l2_eligible 399360
l2_abort_lowmem 0
mru_ghost_evictable_metadata 0
l2_misses 0
hash_elements_max 6227
demand_metadata_hits 43025
c_max 1050851328
l2_compress_successes 0
demand_data_hits 43572
deleted 34
c_min 33554432
data_size 219133440
l2_read_bytes 0
l2_evict_lock_retry 0
hash_chain_max 2
l2_size 0
l2_writes_lock_retry 0
prefetch_metadata_misses 1713
l2_hits 0
size 273748160
evict_skip 4
duplicate_reads 0
name data
memory_indirect_count 0
arc_tempreserve 0
mfu_ghost_evictable_metadata 0
hash_collisions 1551
arc_prune 0
metadata_size 41660416
mru_ghost_size 0
duplicate_buffers 0
l2_hdr_size 0
arc_no_grow 0
memory_throttle_count 0
l2_write_bytes 0
l2_cdata_free_on_write 0
l2_feeds 0
anon_evictable_data 0
c 1050851328
arc_meta_min 16777216
l2_compress_zeros 0
memory_direct_count 0
arc_meta_used 54614720
evict_l2_cached 0
mfu_size 104287232
mfu_hits 48896
l2_compress_failures 0
l2_free_on_write 0
l2_rw_clash 0
p 525425664
evict_l2_ineligible 0
prefetch_data_hits 6
arc_need_free 0
prefetch_metadata_hits 4577
l2_evict_reading 0
l2_writes_sent 0
mru_ghost_evictable_data 0
l2_asize 0
mfu_ghost_size 0
other_size 10414504
hdr_size 2539800
mfu_ghost_hits 0
l2_writes_error 0
